# JRE version: OpenJDK Runtime Environment (8.0_152-b02) (build 1.8.0_152-release-1024-b02)
# Java VM: OpenJDK 64-Bit Server VM (25.152-b02 mixed mode windows-amd64 compressed oops)
Heap:
 PSYoungGen      total 288256K, used 121288K [0x00000000e0000000, 0x00000000f3680000, 0x0000000100000000)
  eden space 261120K, 41% used [0x00000000e0000000,0x00000000e6a61620,0x00000000eff00000)
  from space 27136K, 46% used [0x00000000eff00000,0x00000000f0b42df8,0x00000000f1980000)
  to   space 19968K, 0% used [0x00000000f1980000,0x00000000f1980000,0x00000000f2d00000)
 ParOldGen       total 134144K, used 65288K [0x00000000a0000000, 0x00000000a8300000, 0x00000000e0000000)
  object space 134144K, 48% used [0x00000000a0000000,0x00000000a3fc2398,0x00000000a8300000)
 Metaspace       used 88743K, capacity 92897K, committed 93076K, reserved 1130496K
  class space    used 11579K, capacity 12645K, committed 12692K, reserved 1048576K
GC Heap History (10 events):
Event: 5034.285 GC heap before
{Heap before GC invocations=14 (full 2):
 PSYoungGen      total 157184K, used 75015K [0x00000000e0000000, 0x00000000eef00000, 0x0000000100000000)
  eden space 140288K, 41% used [0x00000000e0000000,0x00000000e3943450,0x00000000e8900000)
  from space 16896K, 96% used [0x00000000e8900000,0x00000000e98feb20,0x00000000e9980000)
  to   space 18432K, 0% used [0x00000000edd00000,0x00000000edd00000,0x00000000eef00000)
 ParOldGen       total 83456K, used 33352K [0x00000000a0000000, 0x00000000a5180000, 0x00000000e0000000)
  object space 83456K, 39% used [0x00000000a0000000,0x00000000a2092238,0x00000000a5180000)
 Metaspace       used 56920K, capacity 58951K, committed 59028K, reserved 1099776K
  class space    used 7790K, capacity 8340K, committed 8340K, reserved 1048576K
Event: 5034.344 GC heap after
Heap after GC invocations=14 (full 2):
 PSYoungGen      total 225792K, used 4337K [0x00000000e0000000, 0x00000000ef380000, 0x0000000100000000)
  eden space 207360K, 0% used [0x00000000e0000000,0x00000000e0000000,0x00000000eca80000)
  from space 18432K, 23% used [0x00000000edd00000,0x00000000ee13c6f8,0x00000000eef00000)
  to   space 18944K, 0% used [0x00000000eca80000,0x00000000eca80000,0x00000000edd00000)
 ParOldGen       total 83456K, used 47850K [0x00000000a0000000, 0x00000000a5180000, 0x00000000e0000000)
  object space 83456K, 57% used [0x00000000a0000000,0x00000000a2ebab08,0x00000000a5180000)
 Metaspace       used 56920K, capacity 58951K, committed 59028K, reserved 1099776K
  class space    used 7790K, capacity 8340K, committed 8340K, reserved 1048576K
}
Event: 5034.344 GC heap before
{Heap before GC invocations=15 (full 3):
 PSYoungGen      total 225792K, used 4337K [0x00000000e0000000, 0x00000000ef380000, 0x0000000100000000)
  eden space 207360K, 0% used [0x00000000e0000000,0x00000000e0000000,0x00000000eca80000)
  from space 18432K, 23% used [0x00000000edd00000,0x00000000ee13c6f8,0x00000000eef00000)
  to   space 18944K, 0% used [0x00000000eca80000,0x00000000eca80000,0x00000000edd00000)
 ParOldGen       total 83456K, used 47850K [0x00000000a0000000, 0x00000000a5180000, 0x00000000e0000000)
  object space 83456K, 57% used [0x00000000a0000000,0x00000000a2ebab08,0x00000000a5180000)
 Metaspace       used 56920K, capacity 58951K, committed 59028K, reserved 1099776K
  class space    used 7790K, capacity 8340K, committed 8340K, reserved 1048576K
Event: 5034.607 GC heap after
Heap after GC invocations=15 (full 3):
 PSYoungGen      total 225792K, used 0K [0x00000000e0000000, 0x00000000ef380000, 0x0000000100000000)
  eden space 207360K, 0% used [0x00000000e0000000,0x00000000e0000000,0x00000000eca80000)
  from space 18432K, 0% used [0x00000000edd00000,0x00000000edd00000,0x00000000eef00000)
  to   space 18944K, 0% used [0x00000000eca80000,0x00000000eca80000,0x00000000edd00000)
 ParOldGen       total 134144K, used 43821K [0x00000000a0000000, 0x00000000a8300000, 0x00000000e0000000)
  object space 134144K, 32% used [0x00000000a0000000,0x00000000a2acb6f0,0x00000000a8300000)
 Metaspace       used 56920K, capacity 58951K, committed 59028K, reserved 1099776K
  class space    used 7790K, capacity 8340K, committed 8340K, reserved 1048576K
}
Event: 5110.462 GC heap before
{Heap before GC invocations=16 (full 3):
 PSYoungGen      total 225792K, used 207360K [0x00000000e0000000, 0x00000000ef380000, 0x0000000100000000)
  eden space 207360K, 100% used [0x00000000e0000000,0x00000000eca80000,0x00000000eca80000)
  from space 18432K, 0% used [0x00000000edd00000,0x00000000edd00000,0x00000000eef00000)
  to   space 18944K, 0% used [0x00000000eca80000,0x00000000eca80000,0x00000000edd00000)
 ParOldGen       total 134144K, used 43821K [0x00000000a0000000, 0x00000000a8300000, 0x00000000e0000000)
  object space 134144K, 32% used [0x00000000a0000000,0x00000000a2acb6f0,0x00000000a8300000)
 Metaspace       used 65656K, capacity 68479K, committed 68628K, reserved 1107968K
  class space    used 8686K, capacity 9433K, committed 9492K, reserved 1048576K
Event: 5110.487 GC heap after
Heap after GC invocations=16 (full 3):
 PSYoungGen      total 226304K, used 15577K [0x00000000e0000000, 0x00000000f2d00000, 0x0000000100000000)
  eden space 207360K, 0% used [0x00000000e0000000,0x00000000e0000000,0x00000000eca80000)
  from space 18944K, 82% used [0x00000000eca80000,0x00000000ed9b6698,0x00000000edd00000)
  to   space 19968K, 0% used [0x00000000f1980000,0x00000000f1980000,0x00000000f2d00000)
 ParOldGen       total 134144K, used 43829K [0x00000000a0000000, 0x00000000a8300000, 0x00000000e0000000)
  object space 134144K, 32% used [0x00000000a0000000,0x00000000a2acd6f0,0x00000000a8300000)
 Metaspace       used 65656K, capacity 68479K, committed 68628K, reserved 1107968K
  class space    used 8686K, capacity 9433K, committed 9492K, reserved 1048576K
}
Event: 5114.207 GC heap before
{Heap before GC invocations=17 (full 3):
 PSYoungGen      total 226304K, used 222937K [0x00000000e0000000, 0x00000000f2d00000, 0x0000000100000000)
  eden space 207360K, 100% used [0x00000000e0000000,0x00000000eca80000,0x00000000eca80000)
  from space 18944K, 82% used [0x00000000eca80000,0x00000000ed9b6698,0x00000000edd00000)
  to   space 19968K, 0% used [0x00000000f1980000,0x00000000f1980000,0x00000000f2d00000)
 ParOldGen       total 134144K, used 43829K [0x00000000a0000000, 0x00000000a8300000, 0x00000000e0000000)
  object space 134144K, 32% used [0x00000000a0000000,0x00000000a2acd6f0,0x00000000a8300000)
 Metaspace       used 78211K, capacity 81803K, committed 82068K, reserved 1120256K
  class space    used 10397K, capacity 11309K, committed 11412K, reserved 1048576K
Event: 5114.234 GC heap after
Heap after GC invocations=17 (full 3):
 PSYoungGen      total 281088K, used 19939K [0x00000000e0000000, 0x00000000f3680000, 0x0000000100000000)
  eden space 261120K, 0% used [0x00000000e0000000,0x00000000e0000000,0x00000000eff00000)
  from space 19968K, 99% used [0x00000000f1980000,0x00000000f2cf8ed0,0x00000000f2d00000)
  to   space 27136K, 0% used [0x00000000eff00000,0x00000000eff00000,0x00000000f1980000)
 ParOldGen       total 134144K, used 55369K [0x00000000a0000000, 0x00000000a8300000, 0x00000000e0000000)
  object space 134144K, 41% used [0x00000000a0000000,0x00000000a3612790,0x00000000a8300000)
 Metaspace       used 78211K, capacity 81803K, committed 82068K, reserved 1120256K
  class space    used 10397K, capacity 11309K, committed 11412K, reserved 1048576K
}
Event: 12073.362 GC heap before
{Heap before GC invocations=18 (full 3):
 PSYoungGen      total 281088K, used 281059K [0x00000000e0000000, 0x00000000f3680000, 0x0000000100000000)
  eden space 261120K, 100% used [0x00000000e0000000,0x00000000eff00000,0x00000000eff00000)
  from space 19968K, 99% used [0x00000000f1980000,0x00000000f2cf8ed0,0x00000000f2d00000)
  to   space 27136K, 0% used [0x00000000eff00000,0x00000000eff00000,0x00000000f1980000)
 ParOldGen       total 134144K, used 55369K [0x00000000a0000000, 0x00000000a8300000, 0x00000000e0000000)
  object space 134144K, 41% used [0x00000000a0000000,0x00000000a3612790,0x00000000a8300000)
 Metaspace       used 81727K, capacity 85765K, committed 86036K, reserved 1124352K
  class space    used 10760K, capacity 11767K, committed 11796K, reserved 1048576K
Event: 12073.468 GC heap after
Heap after GC invocations=18 (full 3):
 PSYoungGen      total 288256K, used 12555K [0x00000000e0000000, 0x00000000f3680000, 0x0000000100000000)
  eden space 261120K, 0% used [0x00000000e0000000,0x00000000e0000000,0x00000000eff00000)
  from space 27136K, 46% used [0x00000000eff00000,0x00000000f0b42df8,0x00000000f1980000)
  to   space 19968K, 0% used [0x00000000f1980000,0x00000000f1980000,0x00000000f2d00000)
 ParOldGen       total 134144K, used 65288K [0x00000000a0000000, 0x00000000a8300000, 0x00000000e0000000)
  object space 134144K, 48% used [0x00000000a0000000,0x00000000a3fc2398,0x00000000a8300000)
 Metaspace       used 81727K, capacity 85765K, committed 86036K, reserved 1124352K
  class space    used 10760K, capacity 11767K, committed 11796K, reserved 1048576K
}

